

> @relaxed/hook@1.0.0 build /home/hellotalk/code/web/demo/packages/relaxed/hook
> tsup

[34mCLI[39m Building entry: src/index.ts
[34mCLI[39m Using tsconfig: tsconfig.json
[34mCLI[39m tsup v6.7.0
[34mCLI[39m Using tsup config: /home/hellotalk/code/web/demo/packages/relaxed/hook/tsup.config.ts
[34mCLI[39m Target: esnext
[34mCLI[39m Cleaning output folder
[34mESM[39m Build start
[34mCJS[39m Build start
[34mIIFE[39m Build start
[32mESM[39m [1mdist/index.mjs     [22m[32m466.00 B[39m
[32mESM[39m [1mdist/index.mjs.map [22m[32m839.00 B[39m
[32mESM[39m ⚡️ Build success in 7ms
[32mCJS[39m [1mdist/index.js     [22m[32m1.34 KB[39m
[32mCJS[39m [1mdist/index.js.map [22m[32m881.00 B[39m
[32mCJS[39m ⚡️ Build success in 8ms
[32mIIFE[39m [1mdist/index.global.js     [22m[32m2.00 MB[39m
[32mIIFE[39m [1mdist/index.global.js.map [22m[32m3.17 MB[39m
[32mIIFE[39m ⚡️ Build success in 182ms
